SF:lib/utils/animation/scale_on_press_widget.dart
DA:7,3
DA:14,3
DA:22,4
DA:23,4
DA:29,0
DA:31,2
DA:33,1
DA:34,2
DA:35,1
DA:39,4
DA:41,4
DA:43,2
DA:44,0
DA:45,2
DA:46,0
DA:47,4
DA:48,4
DA:49,4
DA:50,8
DA:51,4
DA:52,8
DA:53,4
DA:54,8
DA:55,6
DA:57,4
DA:58,8
DA:60,8
DA:61,4
DA:62,4
DA:63,4
DA:65,4
DA:66,4
DA:67,4
DA:70,4
DA:72,8
LF:35
LH:32
end_of_record
SF:lib/utils/animation/animated_scale.dart
DA:5,4
DA:13,8
DA:14,4
DA:22,4
DA:23,4
DA:30,4
DA:32,20
DA:33,8
DA:37,4
DA:39,16
DA:42,4
DA:43,4
DA:44,4
DA:45,8
DA:46,8
LF:15
LH:15
end_of_record
SF:lib/common/resources/r.dart
DA:2,9
DA:3,9
DA:4,6
DA:5,9
DA:6,3
DA:7,6
LF:6
LH:6
end_of_record
SF:lib/features/home/widgets/home_app_bar.dart
DA:9,0
DA:11,1
DA:13,1
DA:15,1
DA:16,1
DA:23,1
DA:24,2
DA:25,1
DA:27,3
DA:34,0
DA:39,1
DA:41,1
DA:42,1
DA:43,2
DA:44,0
DA:45,1
DA:46,2
DA:47,1
DA:48,1
DA:49,1
LF:20
LH:17
end_of_record
SF:lib/features/home/widgets/home_bottom_nav_bar.dart
DA:7,0
DA:9,1
DA:10,1
DA:17,0
DA:18,0
DA:19,0
DA:23,0
DA:24,0
DA:25,0
DA:29,0
DA:31,0
DA:33,0
DA:35,0
DA:37,0
DA:39,1
DA:41,1
DA:49,1
DA:54,1
DA:62,1
DA:64,1
DA:65,1
DA:66,1
DA:67,1
DA:68,1
DA:69,1
DA:70,1
DA:72,2
DA:73,1
DA:76,1
DA:77,1
DA:78,1
DA:79,1
DA:80,1
DA:81,1
DA:83,2
DA:84,1
LF:36
LH:24
end_of_record
SF:lib/features/home/widgets/home_fab.dart
DA:8,0
DA:10,1
DA:12,1
DA:15,0
DA:16,0
DA:18,2
DA:20,1
DA:22,1
DA:23,2
DA:25,1
DA:28,1
LF:11
LH:8
end_of_record
SF:lib/features/home/widgets/home_screen.dart
DA:10,0
DA:12,1
DA:14,1
DA:16,1
LF:4
LH:3
end_of_record
SF:lib/features/home/widgets/animated_circle_progress.dart
DA:9,0
DA:14,0
DA:15,0
DA:21,1
DA:23,1
DA:32,1
DA:34,1
DA:35,5
DA:36,2
DA:38,2
DA:39,3
DA:40,2
DA:41,4
DA:42,2
DA:43,2
DA:45,2
DA:48,1
DA:50,1
DA:52,5
DA:53,5
DA:57,1
DA:59,2
DA:60,2
DA:61,1
DA:66,1
DA:67,9
DA:77,1
DA:79,2
DA:80,1
DA:81,1
DA:82,1
DA:83,2
DA:85,1
DA:86,1
DA:87,2
DA:88,1
DA:89,1
DA:90,5
DA:91,1
DA:92,1
DA:94,1
DA:95,1
DA:96,5
DA:97,1
DA:98,1
DA:99,1
DA:100,1
DA:102,1
DA:105,0
LF:49
LH:45
end_of_record
SF:lib/utils/extensions/gradient_extensions.dart
DA:4,3
DA:5,6
DA:8,1
DA:9,2
DA:12,4
DA:13,4
DA:15,4
DA:16,4
DA:22,2
DA:25,2
DA:26,2
DA:27,2
DA:35,12
DA:36,6
DA:38,4
DA:39,4
LF:16
LH:16
end_of_record
SF:lib/features/home/widgets/animated_nav_button.dart
DA:7,1
DA:14,1
DA:21,1
DA:23,1
DA:25,1
DA:26,1
DA:27,1
DA:28,0
DA:29,0
DA:30,0
DA:31,1
DA:37,1
DA:42,1
DA:48,1
DA:50,1
DA:52,1
DA:54,3
DA:55,1
DA:56,1
DA:58,4
DA:64,1
DA:65,2
DA:66,1
DA:67,1
DA:70,1
DA:71,2
DA:72,0
DA:73,2
DA:74,2
DA:75,2
DA:80,0
DA:85,0
DA:90,0
DA:91,0
DA:95,0
DA:96,0
DA:97,0
LF:37
LH:26
end_of_record
SF:lib/features/home/widgets/home_body.dart
DA:5,0
DA:7,1
DA:9,1
DA:10,3
LF:4
LH:3
end_of_record
SF:lib/features/splash/splash_screen.dart
DA:12,2
DA:14,2
DA:15,2
DA:21,2
DA:23,2
DA:24,10
DA:31,2
DA:38,2
DA:40,2
DA:41,4
DA:46,2
DA:48,2
DA:50,2
DA:53,2
DA:55,6
DA:57,2
DA:58,4
DA:59,2
DA:60,2
DA:70,1
DA:72,1
DA:74,2
DA:76,2
DA:78,0
DA:79,0
DA:84,2
DA:86,2
DA:87,6
DA:89,2
DA:90,4
DA:91,2
LF:31
LH:29
end_of_record
SF:lib/utils/extensions/navigation_extension.dart
DA:5,1
DA:10,2
DA:11,1
DA:14,0
DA:16,2
DA:20,1
DA:21,1
DA:22,1
DA:23,1
DA:29,3
DA:31,2
LF:11
LH:10
end_of_record
SF:lib/main.dart
DA:5,2
DA:8,2
DA:11,1
DA:13,1
DA:14,1
DA:17,1
LF:6
LH:6
end_of_record
SF:lib/playground/test_main.dart
DA:7,1
DA:9,2
DA:14,1
DA:16,1
DA:17,1
DA:18,1
DA:19,1
DA:20,1
DA:22,1
DA:23,2
DA:27,1
DA:29,1
DA:30,2
DA:42,1
DA:44,1
DA:45,1
DA:46,1
DA:47,1
DA:48,1
DA:50,1
DA:51,2
DA:57,1
DA:59,1
DA:60,2
LF:24
LH:24
end_of_record
